#
# There is insufficient memory for the Java Runtime Environment to continue.
# Native memory allocation (malloc) failed to allocate 743856 bytes for Chunk::new
# Possible reasons:
#   The system is out of physical RAM or swap space
#   The process is running with CompressedOops enabled, and the Java Heap may be blocking the growth of the native heap
# Possible solutions:
#   Reduce memory load on the system
#   Increase physical memory or swap space
#   Check if swap backing store is full
#   Decrease Java heap size (-Xmx/-Xms)
#   Decrease number of Java threads
#   Decrease Java thread stack sizes (-Xss)
#   Set larger code cache with -XX:ReservedCodeCacheSize=
#   JVM is running with Zero Based Compressed Oops mode in which the Java heap is
#     placed in the first 32GB address space. The Java Heap base address is the
#     maximum limit for the native heap growth. Please use -XX:HeapBaseMinAddress
#     to set the Java Heap base and to place the Java Heap above 32GB virtual address.
# This output file may be truncated or incomplete.
#
#  Out of Memory Error (arena.cpp:184), pid=20484, tid=10128
#
# JRE version: OpenJDK Runtime Environment Corretto-20.0.2.10.1 (20.0.2.1+10) (build 20.0.2.1+10-FR)
# Java VM: OpenJDK 64-Bit Server VM Corretto-20.0.2.10.1 (20.0.2.1+10-FR, mixed mode, sharing, tiered, compressed oops, compressed class ptrs, g1 gc, windows-amd64)
# No core dump will be written. Minidumps are not enabled by default on client versions of Windows
#

---------------  S U M M A R Y ------------

Command Line: -javaagent:C:\Program Files\JetBrains\IntelliJ IDEA Community Edition 2023.2.2\lib\idea_rt.jar=64705:C:\Program Files\JetBrains\IntelliJ IDEA Community Edition 2023.2.2\bin -Dfile.encoding=UTF-8 -Dsun.stdout.encoding=UTF-8 -Dsun.stderr.encoding=UTF-8 fourjo.idle.goodgame.gg.Application

Host: 13th Gen Intel(R) Core(TM) i5-1335U, 12 cores, 15G,  Windows 11 , 64 bit Build 22621 (10.0.22621.3235)
Time: Sat Apr  6 21:37:00 2024  Windows 11 , 64 bit Build 22621 (10.0.22621.3235) elapsed time: 1.629280 seconds (0d 0h 0m 1s)

---------------  T H R E A D  ---------------

Current thread (0x000002264cffa8c0):  JavaThread "C2 CompilerThread1" daemon [_thread_in_native, id=10128, stack(0x000000e5ce000000,0x000000e5ce100000)]


Current CompileTask:
C2:   1629 1663       4       org.springframework.boot.context.properties.source.ConfigurationPropertyName$ElementsParser::parse (234 bytes)

Stack: [0x000000e5ce000000,0x000000e5ce100000]
Native frames: (J=compiled Java code, j=interpreted, Vv=VM code, C=native code)
V  [jvm.dll+0x6ba11a]
V  [jvm.dll+0x8968da]
V  [jvm.dll+0x898665]
V  [jvm.dll+0x898d53]
V  [jvm.dll+0x27f9ff]
V  [jvm.dll+0xc3771]
V  [jvm.dll+0xc3a95]
V  [jvm.dll+0x3b8f02]
V  [jvm.dll+0x383445]
V  [jvm.dll+0x3828aa]
V  [jvm.dll+0x249089]
V  [jvm.dll+0x24847f]
V  [jvm.dll+0x1cbc81]
V  [jvm.dll+0x257f49]
V  [jvm.dll+0x256610]
V  [jvm.dll+0x3f0155]
V  [jvm.dll+0x843859]
V  [jvm.dll+0x6b8d9b]
C  [ucrtbase.dll+0x29363]
C  [KERNEL32.DLL+0x1257d]
C  [ntdll.dll+0x5aa58]


---------------  P R O C E S S  ---------------

Threads class SMR info:
_java_thread_list=0x000002264ccd0550, length=15, elements={
0x00000226676af5c0, 0x000002264c4110a0, 0x000002264c413db0, 0x000002264c415630,
0x000002264c4172e0, 0x000002264c419c30, 0x000002264c41b580, 0x000002264c424330,
0x000002264c42b5d0, 0x000002264c4e7220, 0x000002264c809470, 0x000002264c87bff0,
0x000002264cffa8c0, 0x000002264cd8b690, 0x000002264cffe570
}

Java Threads: ( => current thread )
  0x00000226676af5c0 JavaThread "main" [_thread_blocked, id=29456, stack(0x000000e5cd000000,0x000000e5cd100000)]
  0x000002264c4110a0 JavaThread "Reference Handler" daemon [_thread_blocked, id=17360, stack(0x000000e5cd700000,0x000000e5cd800000)]
  0x000002264c413db0 JavaThread "Finalizer" daemon [_thread_blocked, id=28008, stack(0x000000e5cd800000,0x000000e5cd900000)]
  0x000002264c415630 JavaThread "Signal Dispatcher" daemon [_thread_blocked, id=24624, stack(0x000000e5cd900000,0x000000e5cda00000)]
  0x000002264c4172e0 JavaThread "Attach Listener" daemon [_thread_blocked, id=29028, stack(0x000000e5cda00000,0x000000e5cdb00000)]
  0x000002264c419c30 JavaThread "Service Thread" daemon [_thread_blocked, id=6848, stack(0x000000e5cdb00000,0x000000e5cdc00000)]
  0x000002264c41b580 JavaThread "Monitor Deflation Thread" daemon [_thread_blocked, id=24784, stack(0x000000e5cdc00000,0x000000e5cdd00000)]
  0x000002264c424330 JavaThread "C2 CompilerThread0" daemon [_thread_in_native, id=30360, stack(0x000000e5cdd00000,0x000000e5cde00000)]
  0x000002264c42b5d0 JavaThread "C1 CompilerThread0" daemon [_thread_blocked, id=16600, stack(0x000000e5cde00000,0x000000e5cdf00000)]
  0x000002264c4e7220 JavaThread "Common-Cleaner" daemon [_thread_blocked, id=36344, stack(0x000000e5cdf00000,0x000000e5ce000000)]
  0x000002264c809470 JavaThread "Monitor Ctrl-Break" daemon [_thread_in_native, id=15524, stack(0x000000e5ce100000,0x000000e5ce200000)]
  0x000002264c87bff0 JavaThread "Notification Thread" daemon [_thread_blocked, id=25628, stack(0x000000e5ce200000,0x000000e5ce300000)]
=>0x000002264cffa8c0 JavaThread "C2 CompilerThread1" daemon [_thread_in_native, id=10128, stack(0x000000e5ce000000,0x000000e5ce100000)]
  0x000002264cd8b690 JavaThread "Thread-0" [_thread_blocked, id=25556, stack(0x000000e5ce400000,0x000000e5ce500000)]
  0x000002264cffe570 JavaThread "restartedMain" [_thread_in_vm, id=12964, stack(0x000000e5ce500000,0x000000e5ce600000)]

Other Threads:
  0x0000022607233010 VMThread "VM Thread" [stack: 0x000000e5cd600000,0x000000e5cd700000] [id=1508]
  0x000002264c87d150 WatcherThread "VM Periodic Task Thread" [stack: 0x000000e5ce300000,0x000000e5ce400000] [id=24976]
  0x0000022667720420 WorkerThread "GC Thread#0" [stack: 0x000000e5cd100000,0x000000e5cd200000] [id=28084]
  0x000002264cff9f80 WorkerThread "GC Thread#1" [stack: 0x000000e5ce600000,0x000000e5ce700000] [id=6156]
  0x000002264cff99e0 WorkerThread "GC Thread#2" [stack: 0x000000e5ce700000,0x000000e5ce800000] [id=33628]
  0x000002264cffa250 WorkerThread "GC Thread#3" [stack: 0x000000e5ce800000,0x000000e5ce900000] [id=13860]
  0x000002264cff9440 WorkerThread "GC Thread#4" [stack: 0x000000e5ce900000,0x000000e5cea00000] [id=35196]
  0x000002264cff9cb0 WorkerThread "GC Thread#5" [stack: 0x000000e5cea00000,0x000000e5ceb00000] [id=7936]
  0x0000022667730e40 ConcurrentGCThread "G1 Main Marker" [stack: 0x000000e5cd200000,0x000000e5cd300000] [id=12084]
  0x0000022667731a10 WorkerThread "G1 Conc#0" [stack: 0x000000e5cd300000,0x000000e5cd400000] [id=26572]
  0x00000226070b18a0 ConcurrentGCThread "G1 Refine#0" [stack: 0x000000e5cd400000,0x000000e5cd500000] [id=13204]
  0x00000226070b2340 ConcurrentGCThread "G1 Service" [stack: 0x000000e5cd500000,0x000000e5cd600000] [id=13084]

Threads with active compile tasks:
C2 CompilerThread1     1665 1663       4       org.springframework.boot.context.properties.source.ConfigurationPropertyName$ElementsParser::parse (234 bytes)

VM state: not at safepoint (normal execution)

VM Mutex/Monitor currently owned by a thread: None

Heap address: 0x0000000704e00000, size: 4018 MB, Compressed Oops mode: Zero based, Oop shift amount: 3

CDS archive(s) mapped at: [0x0000022607400000-0x0000022608060000-0x0000022608060000), size 12976128, SharedBaseAddress: 0x0000022607400000, ArchiveRelocationMode: 1.
Compressed class space mapped at: 0x0000022608400000-0x0000022648400000, reserved size: 1073741824
Narrow klass base: 0x0000022607400000, Narrow klass shift: 0, Narrow klass range: 0x100000000

GC Precious Log:
 CardTable entry size: 512
 Card Set container configuration: InlinePtr #cards 4 size 8 Array Of Cards #cards 16 size 48 Howl #buckets 8 coarsen threshold 3686 Howl Bitmap #cards 512 size 80 coarsen threshold 460 Card regions per heap region 1 cards per card region 4096
 CPUs: 12 total, 12 available
 Memory: 16066M
 Large Page Support: Disabled
 NUMA Support: Disabled
 Compressed Oops: Enabled (Zero based)
 Heap Region Size: 2M
 Heap Min Capacity: 8M
 Heap Initial Capacity: 252M
 Heap Max Capacity: 4018M
 Pre-touch: Disabled
 Parallel Workers: 10
 Concurrent Workers: 3
 Concurrent Refinement Workers: 10
 Periodic GC: Disabled

Heap:
 garbage-first heap   total 258048K, used 20396K [0x0000000704e00000, 0x0000000800000000)
  region size 2048K, 10 young (20480K), 2 survivors (4096K)
 Metaspace       used 9500K, committed 9792K, reserved 1114112K
  class space    used 1147K, committed 1280K, reserved 1048576K

Heap Regions: E=young(eden), S=young(survivor), O=old, HS=humongous(starts), HC=humongous(continues), CS=collection set, F=free, OA=open archive, CA=closed archive, TAMS=top-at-mark-start, PB=parsable bottom
|   0|0x0000000704e00000, 0x0000000704feb200, 0x0000000705000000| 95%| O|  |TAMS 0x0000000704e00000| PB 0x0000000704e00000| Untracked 
|   1|0x0000000705000000, 0x0000000705000000, 0x0000000705200000|  0%| F|  |TAMS 0x0000000705000000| PB 0x0000000705000000| Untracked 
|   2|0x0000000705200000, 0x0000000705200000, 0x0000000705400000|  0%| F|  |TAMS 0x0000000705200000| PB 0x0000000705200000| Untracked 
|   3|0x0000000705400000, 0x0000000705400000, 0x0000000705600000|  0%| F|  |TAMS 0x0000000705400000| PB 0x0000000705400000| Untracked 
|   4|0x0000000705600000, 0x0000000705600000, 0x0000000705800000|  0%| F|  |TAMS 0x0000000705600000| PB 0x0000000705600000| Untracked 
|   5|0x0000000705800000, 0x0000000705800000, 0x0000000705a00000|  0%| F|  |TAMS 0x0000000705800000| PB 0x0000000705800000| Untracked 
|   6|0x0000000705a00000, 0x0000000705a00000, 0x0000000705c00000|  0%| F|  |TAMS 0x0000000705a00000| PB 0x0000000705a00000| Untracked 
|   7|0x0000000705c00000, 0x0000000705c00000, 0x0000000705e00000|  0%| F|  |TAMS 0x0000000705c00000| PB 0x0000000705c00000| Untracked 
|   8|0x0000000705e00000, 0x0000000705e00000, 0x0000000706000000|  0%| F|  |TAMS 0x0000000705e00000| PB 0x0000000705e00000| Untracked 
|   9|0x0000000706000000, 0x0000000706000000, 0x0000000706200000|  0%| F|  |TAMS 0x0000000706000000| PB 0x0000000706000000| Untracked 
|  10|0x0000000706200000, 0x0000000706200000, 0x0000000706400000|  0%| F|  |TAMS 0x0000000706200000| PB 0x0000000706200000| Untracked 
|  11|0x0000000706400000, 0x0000000706400000, 0x0000000706600000|  0%| F|  |TAMS 0x0000000706400000| PB 0x0000000706400000| Untracked 
|  12|0x0000000706600000, 0x0000000706600000, 0x0000000706800000|  0%| F|  |TAMS 0x0000000706600000| PB 0x0000000706600000| Untracked 
|  13|0x0000000706800000, 0x0000000706800000, 0x0000000706a00000|  0%| F|  |TAMS 0x0000000706800000| PB 0x0000000706800000| Untracked 
|  14|0x0000000706a00000, 0x0000000706a00000, 0x0000000706c00000|  0%| F|  |TAMS 0x0000000706a00000| PB 0x0000000706a00000| Untracked 
|  15|0x0000000706c00000, 0x0000000706c00000, 0x0000000706e00000|  0%| F|  |TAMS 0x0000000706c00000| PB 0x0000000706c00000| Untracked 
|  16|0x0000000706e00000, 0x0000000706e00000, 0x0000000707000000|  0%| F|  |TAMS 0x0000000706e00000| PB 0x0000000706e00000| Untracked 
|  17|0x0000000707000000, 0x0000000707000000, 0x0000000707200000|  0%| F|  |TAMS 0x0000000707000000| PB 0x0000000707000000| Untracked 
|  18|0x0000000707200000, 0x0000000707200000, 0x0000000707400000|  0%| F|  |TAMS 0x0000000707200000| PB 0x0000000707200000| Untracked 
|  19|0x0000000707400000, 0x0000000707400000, 0x0000000707600000|  0%| F|  |TAMS 0x0000000707400000| PB 0x0000000707400000| Untracked 
|  20|0x0000000707600000, 0x0000000707600000, 0x0000000707800000|  0%| F|  |TAMS 0x0000000707600000| PB 0x0000000707600000| Untracked 
|  21|0x0000000707800000, 0x0000000707800000, 0x0000000707a00000|  0%| F|  |TAMS 0x0000000707800000| PB 0x0000000707800000| Untracked 
|  22|0x0000000707a00000, 0x0000000707a00000, 0x0000000707c00000|  0%| F|  |TAMS 0x0000000707a00000| PB 0x0000000707a00000| Untracked 
|  23|0x0000000707c00000, 0x0000000707c00000, 0x0000000707e00000|  0%| F|  |TAMS 0x0000000707c00000| PB 0x0000000707c00000| Untracked 
|  24|0x0000000707e00000, 0x0000000707e00000, 0x0000000708000000|  0%| F|  |TAMS 0x0000000707e00000| PB 0x0000000707e00000| Untracked 
|  25|0x0000000708000000, 0x0000000708000000, 0x0000000708200000|  0%| F|  |TAMS 0x0000000708000000| PB 0x0000000708000000| Untracked 
|  26|0x0000000708200000, 0x0000000708200000, 0x0000000708400000|  0%| F|  |TAMS 0x0000000708200000| PB 0x0000000708200000| Untracked 
|  27|0x0000000708400000, 0x0000000708400000, 0x0000000708600000|  0%| F|  |TAMS 0x0000000708400000| PB 0x0000000708400000| Untracked 
|  28|0x0000000708600000, 0x0000000708600000, 0x0000000708800000|  0%| F|  |TAMS 0x0000000708600000| PB 0x0000000708600000| Untracked 
|  29|0x0000000708800000, 0x0000000708800000, 0x0000000708a00000|  0%| F|  |TAMS 0x0000000708800000| PB 0x0000000708800000| Untracked 
|  30|0x0000000708a00000, 0x0000000708a00000, 0x0000000708c00000|  0%| F|  |TAMS 0x0000000708a00000| PB 0x0000000708a00000| Untracked 
|  31|0x0000000708c00000, 0x0000000708c00000, 0x0000000708e00000|  0%| F|  |TAMS 0x0000000708c00000| PB 0x0000000708c00000| Untracked 
|  32|0x0000000708e00000, 0x0000000708e00000, 0x0000000709000000|  0%| F|  |TAMS 0x0000000708e00000| PB 0x0000000708e00000| Untracked 
|  33|0x0000000709000000, 0x0000000709000000, 0x0000000709200000|  0%| F|  |TAMS 0x0000000709000000| PB 0x0000000709000000| Untracked 
|  34|0x0000000709200000, 0x0000000709200000, 0x0000000709400000|  0%| F|  |TAMS 0x0000000709200000| PB 0x0000000709200000| Untracked 
|  35|0x0000000709400000, 0x0000000709400000, 0x0000000709600000|  0%| F|  |TAMS 0x0000000709400000| PB 0x0000000709400000| Untracked 
|  36|0x0000000709600000, 0x0000000709600000, 0x0000000709800000|  0%| F|  |TAMS 0x0000000709600000| PB 0x0000000709600000| Untracked 
|  37|0x0000000709800000, 0x0000000709800000, 0x0000000709a00000|  0%| F|  |TAMS 0x0000000709800000| PB 0x0000000709800000| Untracked 
|  38|0x0000000709a00000, 0x0000000709a00000, 0x0000000709c00000|  0%| F|  |TAMS 0x0000000709a00000| PB 0x0000000709a00000| Untracked 
|  39|0x0000000709c00000, 0x0000000709c00000, 0x0000000709e00000|  0%| F|  |TAMS 0x0000000709c00000| PB 0x0000000709c00000| Untracked 
|  40|0x0000000709e00000, 0x0000000709e00000, 0x000000070a000000|  0%| F|  |TAMS 0x0000000709e00000| PB 0x0000000709e00000| Untracked 
|  41|0x000000070a000000, 0x000000070a000000, 0x000000070a200000|  0%| F|  |TAMS 0x000000070a000000| PB 0x000000070a000000| Untracked 
|  42|0x000000070a200000, 0x000000070a200000, 0x000000070a400000|  0%| F|  |TAMS 0x000000070a200000| PB 0x000000070a200000| Untracked 
|  43|0x000000070a400000, 0x000000070a400000, 0x000000070a600000|  0%| F|  |TAMS 0x000000070a400000| PB 0x000000070a400000| Untracked 
|  44|0x000000070a600000, 0x000000070a600000, 0x000000070a800000|  0%| F|  |TAMS 0x000000070a600000| PB 0x000000070a600000| Untracked 
|  45|0x000000070a800000, 0x000000070a800000, 0x000000070aa00000|  0%| F|  |TAMS 0x000000070a800000| PB 0x000000070a800000| Untracked 
|  46|0x000000070aa00000, 0x000000070aa00000, 0x000000070ac00000|  0%| F|  |TAMS 0x000000070aa00000| PB 0x000000070aa00000| Untracked 
|  47|0x000000070ac00000, 0x000000070ac00000, 0x000000070ae00000|  0%| F|  |TAMS 0x000000070ac00000| PB 0x000000070ac00000| Untracked 
|  48|0x000000070ae00000, 0x000000070ae00000, 0x000000070b000000|  0%| F|  |TAMS 0x000000070ae00000| PB 0x000000070ae00000| Untracked 
|  49|0x000000070b000000, 0x000000070b000000, 0x000000070b200000|  0%| F|  |TAMS 0x000000070b000000| PB 0x000000070b000000| Untracked 
|  50|0x000000070b200000, 0x000000070b200000, 0x000000070b400000|  0%| F|  |TAMS 0x000000070b200000| PB 0x000000070b200000| Untracked 
|  51|0x000000070b400000, 0x000000070b400000, 0x000000070b600000|  0%| F|  |TAMS 0x000000070b400000| PB 0x000000070b400000| Untracked 
|  52|0x000000070b600000, 0x000000070b600000, 0x000000070b800000|  0%| F|  |TAMS 0x000000070b600000| PB 0x000000070b600000| Untracked 
|  53|0x000000070b800000, 0x000000070b800000, 0x000000070ba00000|  0%| F|  |TAMS 0x000000070b800000| PB 0x000000070b800000| Untracked 
|  54|0x000000070ba00000, 0x000000070ba00000, 0x000000070bc00000|  0%| F|  |TAMS 0x000000070ba00000| PB 0x000000070ba00000| Untracked 
|  55|0x000000070bc00000, 0x000000070bc00000, 0x000000070be00000|  0%| F|  |TAMS 0x000000070bc00000| PB 0x000000070bc00000| Untracked 
|  56|0x000000070be00000, 0x000000070be00000, 0x000000070c000000|  0%| F|  |TAMS 0x000000070be00000| PB 0x000000070be00000| Untracked 
|  57|0x000000070c000000, 0x000000070c000000, 0x000000070c200000|  0%| F|  |TAMS 0x000000070c000000| PB 0x000000070c000000| Untracked 
|  58|0x000000070c200000, 0x000000070c200000, 0x000000070c400000|  0%| F|  |TAMS 0x000000070c200000| PB 0x000000070c200000| Untracked 
|  59|0x000000070c400000, 0x000000070c400000, 0x000000070c600000|  0%| F|  |TAMS 0x000000070c400000| PB 0x000000070c400000| Untracked 
|  60|0x000000070c600000, 0x000000070c600000, 0x000000070c800000|  0%| F|  |TAMS 0x000000070c600000| PB 0x000000070c600000| Untracked 
|  61|0x000000070c800000, 0x000000070c800000, 0x000000070ca00000|  0%| F|  |TAMS 0x000000070c800000| PB 0x000000070c800000| Untracked 
|  62|0x000000070ca00000, 0x000000070ca00000, 0x000000070cc00000|  0%| F|  |TAMS 0x000000070ca00000| PB 0x000000070ca00000| Untracked 
|  63|0x000000070cc00000, 0x000000070cc00000, 0x000000070ce00000|  0%| F|  |TAMS 0x000000070cc00000| PB 0x000000070cc00000| Untracked 
|  64|0x000000070ce00000, 0x000000070ce00000, 0x000000070d000000|  0%| F|  |TAMS 0x000000070ce00000| PB 0x000000070ce00000| Untracked 
|  65|0x000000070d000000, 0x000000070d000000, 0x000000070d200000|  0%| F|  |TAMS 0x000000070d000000| PB 0x000000070d000000| Untracked 
|  66|0x000000070d200000, 0x000000070d200000, 0x000000070d400000|  0%| F|  |TAMS 0x000000070d200000| PB 0x000000070d200000| Untracked 
|  67|0x000000070d400000, 0x000000070d400000, 0x000000070d600000|  0%| F|  |TAMS 0x000000070d400000| PB 0x000000070d400000| Untracked 
|  68|0x000000070d600000, 0x000000070d600000, 0x000000070d800000|  0%| F|  |TAMS 0x000000070d600000| PB 0x000000070d600000| Untracked 
|  69|0x000000070d800000, 0x000000070d800000, 0x000000070da00000|  0%| F|  |TAMS 0x000000070d800000| PB 0x000000070d800000| Untracked 
|  70|0x000000070da00000, 0x000000070da00000, 0x000000070dc00000|  0%| F|  |TAMS 0x000000070da00000| PB 0x000000070da00000| Untracked 
|  71|0x000000070dc00000, 0x000000070dc00000, 0x000000070de00000|  0%| F|  |TAMS 0x000000070dc00000| PB 0x000000070dc00000| Untracked 
|  72|0x000000070de00000, 0x000000070de00000, 0x000000070e000000|  0%| F|  |TAMS 0x000000070de00000| PB 0x000000070de00000| Untracked 
|  73|0x000000070e000000, 0x000000070e000000, 0x000000070e200000|  0%| F|  |TAMS 0x000000070e000000| PB 0x000000070e000000| Untracked 
|  74|0x000000070e200000, 0x000000070e200000, 0x000000070e400000|  0%| F|  |TAMS 0x000000070e200000| PB 0x000000070e200000| Untracked 
|  75|0x000000070e400000, 0x000000070e400000, 0x000000070e600000|  0%| F|  |TAMS 0x000000070e400000| PB 0x000000070e400000| Untracked 
|  76|0x000000070e600000, 0x000000070e600000, 0x000000070e800000|  0%| F|  |TAMS 0x000000070e600000| PB 0x000000070e600000| Untracked 
|  77|0x000000070e800000, 0x000000070e800000, 0x000000070ea00000|  0%| F|  |TAMS 0x000000070e800000| PB 0x000000070e800000| Untracked 
|  78|0x000000070ea00000, 0x000000070ea00000, 0x000000070ec00000|  0%| F|  |TAMS 0x000000070ea00000| PB 0x000000070ea00000| Untracked 
|  79|0x000000070ec00000, 0x000000070ec00000, 0x000000070ee00000|  0%| F|  |TAMS 0x000000070ec00000| PB 0x000000070ec00000| Untracked 
|  80|0x000000070ee00000, 0x000000070ee00000, 0x000000070f000000|  0%| F|  |TAMS 0x000000070ee00000| PB 0x000000070ee00000| Untracked 
|  81|0x000000070f000000, 0x000000070f000000, 0x000000070f200000|  0%| F|  |TAMS 0x000000070f000000| PB 0x000000070f000000| Untracked 
|  82|0x000000070f200000, 0x000000070f200000, 0x000000070f400000|  0%| F|  |TAMS 0x000000070f200000| PB 0x000000070f200000| Untracked 
|  83|0x000000070f400000, 0x000000070f400000, 0x000000070f600000|  0%| F|  |TAMS 0x000000070f400000| PB 0x000000070f400000| Untracked 
|  84|0x000000070f600000, 0x000000070f600000, 0x000000070f800000|  0%| F|  |TAMS 0x000000070f600000| PB 0x000000070f600000| Untracked 
|  85|0x000000070f800000, 0x000000070f800000, 0x000000070fa00000|  0%| F|  |TAMS 0x000000070f800000| PB 0x000000070f800000| Untracked 
|  86|0x000000070fa00000, 0x000000070fa00000, 0x000000070fc00000|  0%| F|  |TAMS 0x000000070fa00000| PB 0x000000070fa00000| Untracked 
|  87|0x000000070fc00000, 0x000000070fc00000, 0x000000070fe00000|  0%| F|  |TAMS 0x000000070fc00000| PB 0x000000070fc00000| Untracked 
|  88|0x000000070fe00000, 0x000000070fe00000, 0x0000000710000000|  0%| F|  |TAMS 0x000000070fe00000| PB 0x000000070fe00000| Untracked 
|  89|0x0000000710000000, 0x0000000710000000, 0x0000000710200000|  0%| F|  |TAMS 0x0000000710000000| PB 0x0000000710000000| Untracked 
|  90|0x0000000710200000, 0x0000000710200000, 0x0000000710400000|  0%| F|  |TAMS 0x0000000710200000| PB 0x0000000710200000| Untracked 
|  91|0x0000000710400000, 0x0000000710400000, 0x0000000710600000|  0%| F|  |TAMS 0x0000000710400000| PB 0x0000000710400000| Untracked 
|  92|0x0000000710600000, 0x0000000710600000, 0x0000000710800000|  0%| F|  |TAMS 0x0000000710600000| PB 0x0000000710600000| Untracked 
|  93|0x0000000710800000, 0x0000000710800000, 0x0000000710a00000|  0%| F|  |TAMS 0x0000000710800000| PB 0x0000000710800000| Untracked 
|  94|0x0000000710a00000, 0x0000000710a00000, 0x0000000710c00000|  0%| F|  |TAMS 0x0000000710a00000| PB 0x0000000710a00000| Untracked 
|  95|0x0000000710c00000, 0x0000000710c00000, 0x0000000710e00000|  0%| F|  |TAMS 0x0000000710c00000| PB 0x0000000710c00000| Untracked 
|  96|0x0000000710e00000, 0x0000000710e00000, 0x0000000711000000|  0%| F|  |TAMS 0x0000000710e00000| PB 0x0000000710e00000| Untracked 
|  97|0x0000000711000000, 0x0000000711000000, 0x0000000711200000|  0%| F|  |TAMS 0x0000000711000000| PB 0x0000000711000000| Untracked 
|  98|0x0000000711200000, 0x0000000711200000, 0x0000000711400000|  0%| F|  |TAMS 0x0000000711200000| PB 0x0000000711200000| Untracked 
|  99|0x0000000711400000, 0x0000000711400000, 0x0000000711600000|  0%| F|  |TAMS 0x0000000711400000| PB 0x0000000711400000| Untracked 
| 100|0x0000000711600000, 0x0000000711600000, 0x0000000711800000|  0%| F|  |TAMS 0x0000000711600000| PB 0x0000000711600000| Untracked 
| 101|0x0000000711800000, 0x0000000711800000, 0x0000000711a00000|  0%| F|  |TAMS 0x0000000711800000| PB 0x0000000711800000| Untracked 
| 102|0x0000000711a00000, 0x0000000711a00000, 0x0000000711c00000|  0%| F|  |TAMS 0x0000000711a00000| PB 0x0000000711a00000| Untracked 
| 103|0x0000000711c00000, 0x0000000711c00000, 0x0000000711e00000|  0%| F|  |TAMS 0x0000000711c00000| PB 0x0000000711c00000| Untracked 
| 104|0x0000000711e00000, 0x0000000711e00000, 0x0000000712000000|  0%| F|  |TAMS 0x0000000711e00000| PB 0x0000000711e00000| Untracked 
| 105|0x0000000712000000, 0x0000000712000000, 0x0000000712200000|  0%| F|  |TAMS 0x0000000712000000| PB 0x0000000712000000| Untracked 
| 106|0x0000000712200000, 0x0000000712200000, 0x0000000712400000|  0%| F|  |TAMS 0x0000000712200000| PB 0x0000000712200000| Untracked 
| 107|0x0000000712400000, 0x0000000712400000, 0x0000000712600000|  0%| F|  |TAMS 0x0000000712400000| PB 0x0000000712400000| Untracked 
| 108|0x0000000712600000, 0x0000000712600000, 0x0000000712800000|  0%| F|  |TAMS 0x0000000712600000| PB 0x0000000712600000| Untracked 
| 109|0x0000000712800000, 0x0000000712800000, 0x0000000712a00000|  0%| F|  |TAMS 0x0000000712800000| PB 0x0000000712800000| Untracked 
| 110|0x0000000712a00000, 0x0000000712a00000, 0x0000000712c00000|  0%| F|  |TAMS 0x0000000712a00000| PB 0x0000000712a00000| Untracked 
| 111|0x0000000712c00000, 0x0000000712c00000, 0x0000000712e00000|  0%| F|  |TAMS 0x0000000712c00000| PB 0x0000000712c00000| Untracked 
| 112|0x0000000712e00000, 0x0000000712e00000, 0x0000000713000000|  0%| F|  |TAMS 0x0000000712e00000| PB 0x0000000712e00000| Untracked 
| 113|0x0000000713000000, 0x0000000713200000, 0x0000000713200000|100%| S|CS|TAMS 0x0000000713000000| PB 0x0000000713000000| Complete 
| 114|0x0000000713200000, 0x0000000713400000, 0x0000000713400000|100%| S|CS|TAMS 0x0000000713200000| PB 0x0000000713200000| Complete 
| 115|0x0000000713400000, 0x0000000713400000, 0x0000000713600000|  0%| F|  |TAMS 0x0000000713400000| PB 0x0000000713400000| Untracked 
| 116|0x0000000713600000, 0x0000000713600000, 0x0000000713800000|  0%| F|  |TAMS 0x0000000713600000| PB 0x0000000713600000| Untracked 
| 117|0x0000000713800000, 0x0000000713800000, 0x0000000713a00000|  0%| F|  |TAMS 0x0000000713800000| PB 0x0000000713800000| Untracked 
| 118|0x0000000713a00000, 0x0000000713b01d10, 0x0000000713c00000| 50%| E|  |TAMS 0x0000000713a00000| PB 0x0000000713a00000| Complete 
| 119|0x0000000713c00000, 0x0000000713e00000, 0x0000000713e00000|100%| E|CS|TAMS 0x0000000713c00000| PB 0x0000000713c00000| Complete 
| 120|0x0000000713e00000, 0x0000000714000000, 0x0000000714000000|100%| E|CS|TAMS 0x0000000713e00000| PB 0x0000000713e00000| Complete 
| 121|0x0000000714000000, 0x0000000714200000, 0x0000000714200000|100%| E|CS|TAMS 0x0000000714000000| PB 0x0000000714000000| Complete 
| 122|0x0000000714200000, 0x0000000714400000, 0x0000000714400000|100%| E|CS|TAMS 0x0000000714200000| PB 0x0000000714200000| Complete 
| 123|0x0000000714400000, 0x0000000714600000, 0x0000000714600000|100%| E|CS|TAMS 0x0000000714400000| PB 0x0000000714400000| Complete 
| 124|0x0000000714600000, 0x0000000714800000, 0x0000000714800000|100%| E|CS|TAMS 0x0000000714600000| PB 0x0000000714600000| Complete 
| 125|0x0000000714800000, 0x0000000714a00000, 0x0000000714a00000|100%| E|CS|TAMS 0x0000000714800000| PB 0x0000000714800000| Complete 

Card table byte_map: [0x000002267f700000,0x000002267fee0000] _byte_map_base: 0x000002267bed9000

Marking Bits: (CMBitMap*) 0x0000022667720a50
 Bits: [0x00000226007e0000, 0x00000226046a8000)

Polling page: 0x00000226655c0000

Metaspace:

Usage:
  Non-class:      8.18 MB used.
      Class:      1.13 MB used.
       Both:      9.31 MB used.

Virtual space:
  Non-class space:       64.00 MB reserved,       8.38 MB ( 13%) committed,  1 nodes.
      Class space:        1.00 GB reserved,       1.25 MB ( <1%) committed,  1 nodes.
             Both:        1.06 GB reserved,       9.62 MB ( <1%) committed. 

Chunk freelists:
   Non-Class:  3.48 MB
       Class:  2.66 MB
        Both:  6.14 MB

MaxMetaspaceSize: unlimited
CompressedClassSpaceSize: 1.00 GB
Initial GC threshold: 21.00 MB
Current GC threshold: 21.00 MB
CDS: on
MetaspaceReclaimPolicy: balanced
 - commit_granule_bytes: 65536.
 - commit_granule_words: 8192.
 - virtual_space_node_default_size: 8388608.
 - enlarge_chunks_in_place: 1.
 - new_chunks_are_fully_committed: 0.
 - uncommit_free_chunks: 1.
 - use_allocation_guard: 0.


Internal statistics:

num_allocs_failed_limit: 0.
num_arena_births: 256.
num_arena_deaths: 0.
num_vsnodes_births: 2.
num_vsnodes_deaths: 0.
num_space_committed: 154.
num_space_uncommitted: 0.
num_chunks_returned_to_freelist: 0.
num_chunks_taken_from_freelist: 593.
num_chunk_merges: 0.
num_chunk_splits: 339.
num_chunks_enlarged: 190.
num_inconsistent_stats: 0.

CodeHeap 'non-profiled nmethods': size=120000Kb used=598Kb max_used=598Kb free=119401Kb
 bounds [0x00000226774a0000, 0x0000022677710000, 0x000002267e9d0000]
CodeHeap 'profiled nmethods': size=120000Kb used=2917Kb max_used=2917Kb free=117083Kb
 bounds [0x000002266f9d0000, 0x000002266fcb0000, 0x0000022676f00000]
CodeHeap 'non-nmethods': size=5760Kb used=1451Kb max_used=1473Kb free=4308Kb
 bounds [0x0000022676f00000, 0x0000022677170000, 0x00000226774a0000]
 total_blobs=2187 nmethods=1702 adapters=395
 compilation: enabled
              stopped_count=0, restarted_count=0
 full_count=0

Compilation events (20 events):
Event: 1.602 Thread 0x000002264c42b5d0 1665       3       java.util.concurrent.CopyOnWriteArrayList$COWIterator::next (32 bytes)
Event: 1.603 Thread 0x000002264c42b5d0 nmethod 1665 0x000002266fc97210 code [0x000002266fc973c0, 0x000002266fc976d0]
Event: 1.603 Thread 0x000002264c42b5d0 1666       3       org.springframework.boot.context.properties.source.ConfigurationPropertyName$$Lambda$133/0x0000022608501900::test (6 bytes)
Event: 1.604 Thread 0x000002264c42b5d0 nmethod 1666 0x000002266fc97810 code [0x000002266fc979c0, 0x000002266fc97e00]
Event: 1.604 Thread 0x000002264c42b5d0 1667       3       org.springframework.boot.context.properties.source.ConfigurationPropertyName::lambda$convertToUniformElement$1 (5 bytes)
Event: 1.604 Thread 0x000002264c42b5d0 nmethod 1667 0x000002266fc97f90 code [0x000002266fc98140, 0x000002266fc98500]
Event: 1.604 Thread 0x000002264c42b5d0 1668       3       org.springframework.core.env.MapPropertySource::getProperty (14 bytes)
Event: 1.605 Thread 0x000002264c42b5d0 nmethod 1668 0x000002266fc98610 code [0x000002266fc987c0, 0x000002266fc98aa0]
Event: 1.605 Thread 0x000002264c42b5d0 1664       3       org.springframework.boot.context.properties.source.DefaultPropertyMapper$LastMapping::<init> (15 bytes)
Event: 1.606 Thread 0x000002264c42b5d0 nmethod 1664 0x000002266fc98b90 code [0x000002266fc98d20, 0x000002266fc98f58]
Event: 1.611 Thread 0x000002264c42b5d0 1671       3       java.util.concurrent.ConcurrentHashMap$CollectionView::toArray (204 bytes)
Event: 1.613 Thread 0x000002264c42b5d0 nmethod 1671 0x000002266fc99010 code [0x000002266fc992c0, 0x000002266fc9a328]
Event: 1.613 Thread 0x000002264c42b5d0 1672       3       java.util.AbstractCollection::toArray (144 bytes)
Event: 1.614 Thread 0x000002264c42b5d0 nmethod 1672 0x000002266fc9a890 code [0x000002266fc9ab60, 0x000002266fc9bd78]
Event: 1.615 Thread 0x000002264c42b5d0 1673       3       java.util.concurrent.ConcurrentHashMap$BaseIterator::<init> (21 bytes)
Event: 1.616 Thread 0x000002264c42b5d0 nmethod 1673 0x000002266fc9c190 code [0x000002266fc9c340, 0x000002266fc9c518]
Event: 1.617 Thread 0x000002264c42b5d0 1674       3       java.lang.invoke.BoundMethodHandle::rebind (14 bytes)
Event: 1.617 Thread 0x000002264c42b5d0 nmethod 1674 0x000002266fc9c610 code [0x000002266fc9c800, 0x000002266fc9cd70]
Event: 1.617 Thread 0x000002264c42b5d0 1675       3       java.lang.invoke.BoundMethodHandle::tooComplex (27 bytes)
Event: 1.618 Thread 0x000002264c42b5d0 nmethod 1675 0x000002266fc9cf90 code [0x000002266fc9d160, 0x000002266fc9d5d8]

GC Heap History (2 events):
Event: 0.956 GC heap before
{Heap before GC invocations=0 (full 0):
 garbage-first heap   total 258048K, used 22528K [0x0000000704e00000, 0x0000000800000000)
  region size 2048K, 11 young (22528K), 0 survivors (0K)
 Metaspace       used 5420K, committed 5632K, reserved 1114112K
  class space    used 607K, committed 704K, reserved 1048576K
}
Event: 0.963 GC heap after
{Heap after GC invocations=1 (full 0):
 garbage-first heap   total 258048K, used 6060K [0x0000000704e00000, 0x0000000800000000)
  region size 2048K, 2 young (4096K), 2 survivors (4096K)
 Metaspace       used 5420K, committed 5632K, reserved 1114112K
  class space    used 607K, committed 704K, reserved 1048576K
}

Dll operation events (12 events):
Event: 0.010 Loaded shared library C:\Users\cofls\.jdks\corretto-20.0.2.1\bin\java.dll
Event: 0.030 Loaded shared library C:\Users\cofls\.jdks\corretto-20.0.2.1\bin\jsvml.dll
Event: 0.158 Loaded shared library C:\Users\cofls\.jdks\corretto-20.0.2.1\bin\zip.dll
Event: 0.164 Loaded shared library C:\Users\cofls\.jdks\corretto-20.0.2.1\bin\instrument.dll
Event: 0.169 Loaded shared library C:\Users\cofls\.jdks\corretto-20.0.2.1\bin\net.dll
Event: 0.172 Loaded shared library C:\Users\cofls\.jdks\corretto-20.0.2.1\bin\nio.dll
Event: 0.175 Loaded shared library C:\Users\cofls\.jdks\corretto-20.0.2.1\bin\zip.dll
Event: 0.255 Loaded shared library C:\Program Files\JetBrains\IntelliJ IDEA Community Edition 2023.2.2\bin\breakgen64.dll
Event: 0.266 Loaded shared library C:\Users\cofls\.jdks\corretto-20.0.2.1\bin\extnet.dll
Event: 0.304 Loaded shared library C:\Users\cofls\.jdks\corretto-20.0.2.1\bin\jimage.dll
Event: 0.786 Loaded shared library C:\Users\cofls\.jdks\corretto-20.0.2.1\bin\management.dll
Event: 0.789 Loaded shared library C:\Users\cofls\.jdks\corretto-20.0.2.1\bin\management_ext.dll

Deoptimization events (20 events):
Event: 1.419 Thread 0x000002264cffe570 DEOPT PACKING pc=0x000002267750e2b4 sp=0x000000e5ce5fd2c0
Event: 1.419 Thread 0x000002264cffe570 DEOPT UNPACKING pc=0x0000022676f69d22 sp=0x000000e5ce5fd2a0 mode 2
Event: 1.477 Thread 0x000002264cffe570 Uncommon trap: trap_request=0xffffff45 fr.pc=0x00000226774dd844 relative=0x0000000000000244
Event: 1.477 Thread 0x000002264cffe570 Uncommon trap: reason=unstable_if action=reinterpret pc=0x00000226774dd844 method=java.lang.String.startsWith(Ljava/lang/String;I)Z @ 1 c2
Event: 1.477 Thread 0x000002264cffe570 DEOPT PACKING pc=0x00000226774dd844 sp=0x000000e5ce5fe030
Event: 1.477 Thread 0x000002264cffe570 DEOPT UNPACKING pc=0x0000022676f69d22 sp=0x000000e5ce5fdf98 mode 2
Event: 1.505 Thread 0x000002264cffe570 Uncommon trap: trap_request=0xffffffc6 fr.pc=0x0000022677518b8c relative=0x000000000000032c
Event: 1.505 Thread 0x000002264cffe570 Uncommon trap: reason=bimorphic_or_optimized_type_check action=maybe_recompile pc=0x0000022677518b8c method=java.util.HashMap.getNode(Ljava/lang/Object;)Ljava/util/HashMap$Node; @ 63 c2
Event: 1.505 Thread 0x000002264cffe570 DEOPT PACKING pc=0x0000022677518b8c sp=0x000000e5ce5fe170
Event: 1.505 Thread 0x000002264cffe570 DEOPT UNPACKING pc=0x0000022676f69d22 sp=0x000000e5ce5fe0e8 mode 2
Event: 1.505 Thread 0x000002264cffe570 Uncommon trap: trap_request=0xffffffc6 fr.pc=0x0000022677518b8c relative=0x000000000000032c
Event: 1.505 Thread 0x000002264cffe570 Uncommon trap: reason=bimorphic_or_optimized_type_check action=maybe_recompile pc=0x0000022677518b8c method=java.util.HashMap.getNode(Ljava/lang/Object;)Ljava/util/HashMap$Node; @ 63 c2
Event: 1.505 Thread 0x000002264cffe570 DEOPT PACKING pc=0x0000022677518b8c sp=0x000000e5ce5fe170
Event: 1.505 Thread 0x000002264cffe570 DEOPT UNPACKING pc=0x0000022676f69d22 sp=0x000000e5ce5fe0e8 mode 2
Event: 1.513 Thread 0x000002264cffe570 Uncommon trap: trap_request=0xffffffc6 fr.pc=0x0000022677518b8c relative=0x000000000000032c
Event: 1.513 Thread 0x000002264cffe570 Uncommon trap: reason=bimorphic_or_optimized_type_check action=maybe_recompile pc=0x0000022677518b8c method=java.util.HashMap.getNode(Ljava/lang/Object;)Ljava/util/HashMap$Node; @ 63 c2
Event: 1.513 Thread 0x000002264cffe570 DEOPT PACKING pc=0x0000022677518b8c sp=0x000000e5ce5fe170
Event: 1.513 Thread 0x000002264cffe570 DEOPT UNPACKING pc=0x0000022676f69d22 sp=0x000000e5ce5fe0e8 mode 2
Event: 1.534 Thread 0x000002264cffe570 DEOPT PACKING pc=0x000002266fabde65 sp=0x000000e5ce5fcec0
Event: 1.534 Thread 0x000002264cffe570 DEOPT UNPACKING pc=0x0000022676f6a4c2 sp=0x000000e5ce5fc348 mode 0

Classes loaded (20 events):
Event: 1.542 Loading class java/lang/ProcessHandleImpl done
Event: 1.545 Loading class java/util/concurrent/Executors
Event: 1.545 Loading class java/util/concurrent/Executors done
Event: 1.545 Loading class java/util/concurrent/ThreadPoolExecutor
Event: 1.550 Loading class java/util/concurrent/ThreadPoolExecutor done
Event: 1.551 Loading class java/util/concurrent/ThreadPoolExecutor$AbortPolicy
Event: 1.551 Loading class java/util/concurrent/RejectedExecutionHandler
Event: 1.551 Loading class java/util/concurrent/RejectedExecutionHandler done
Event: 1.551 Loading class java/util/concurrent/ThreadPoolExecutor$AbortPolicy done
Event: 1.551 Loading class java/util/concurrent/SynchronousQueue
Event: 1.551 Loading class java/util/concurrent/SynchronousQueue done
Event: 1.551 Loading class java/util/concurrent/SynchronousQueue$TransferStack
Event: 1.551 Loading class java/util/concurrent/SynchronousQueue$Transferer
Event: 1.551 Loading class java/util/concurrent/SynchronousQueue$Transferer done
Event: 1.551 Loading class java/util/concurrent/SynchronousQueue$TransferStack done
Event: 1.551 Loading class java/util/concurrent/SynchronousQueue$TransferStack$SNode
Event: 1.551 Loading class java/util/concurrent/SynchronousQueue$TransferStack$SNode done
Event: 1.620 Loading class java/util/concurrent/ScheduledExecutorService
Event: 1.620 Loading class java/util/concurrent/ScheduledExecutorService done
Event: 1.621 Loading class java/util/concurrent/Executors$DefaultThreadFactory

Classes unloaded (0 events):
No events

Classes redefined (0 events):
No events

Internal exceptions (20 events):
Event: 1.138 Thread 0x000002264c4172e0 Exception <a 'java/lang/NoSuchMethodError'{0x00000007147e6980}: 'java.lang.Object java.lang.invoke.Invokers$Holder.invokeExact_MT(java.lang.Object, java.lang.Object, java.lang.Object, java.lang.Object, java.lang.Object, java.lang.Object)'> (0x00000007147e6980) 
thrown [s\src\hotspot\share\interpreter\linkResolver.cpp, line 773]
Event: 1.220 Thread 0x000002264cffe570 Exception <a 'java/lang/NoSuchMethodError'{0x00000007142b8e28}: 'java.lang.Object java.lang.invoke.DirectMethodHandle$Holder.newInvokeSpecial(java.lang.Object, java.lang.Object, java.lang.Object, java.lang.Object, java.lang.Object, java.lang.Object, java.lang.Object)'> (0x00000007142b8e28) 
thrown [s\src\hotspot\share\interpreter\linkResolver.cpp, line 773]
Event: 1.224 Thread 0x000002264cffe570 Exception <a 'java/lang/NoSuchMethodError'{0x00000007142d2cc8}: 'void java.lang.invoke.DirectMethodHandle$Holder.invokeStaticInit(java.lang.Object, java.lang.Object)'> (0x00000007142d2cc8) 
thrown [s\src\hotspot\share\interpreter\linkResolver.cpp, line 773]
Event: 1.237 Thread 0x000002264cffe570 Exception <a 'java/lang/NoSuchMethodError'{0x000000071431aa10}: 'int java.lang.invoke.DirectMethodHandle$Holder.invokeStatic(java.lang.Object, java.lang.Object, java.lang.Object, java.lang.Object)'> (0x000000071431aa10) 
thrown [s\src\hotspot\share\interpreter\linkResolver.cpp, line 773]
Event: 1.256 Thread 0x000002264cffe570 Exception <a 'java/lang/NoSuchMethodError'{0x0000000714381178}: 'java.lang.Object java.lang.invoke.DirectMethodHandle$Holder.invokeSpecial(java.lang.Object, java.lang.Object, java.lang.Object, java.lang.Object, java.lang.Object, java.lang.Object, int)'> (0x0000000714381178) 
thrown [s\src\hotspot\share\interpreter\linkResolver.cpp, line 773]
Event: 1.258 Thread 0x000002264cffe570 Exception <a 'java/lang/NoSuchMethodError'{0x000000071438b430}: 'java.lang.Object java.lang.invoke.DirectMethodHandle$Holder.newInvokeSpecial(java.lang.Object, java.lang.Object, java.lang.Object, java.lang.Object, java.lang.Object, java.lang.Object, int)'> (0x000000071438b430) 
thrown [s\src\hotspot\share\interpreter\linkResolver.cpp, line 773]
Event: 1.258 Thread 0x000002264cffe570 Exception <a 'java/lang/NoSuchMethodError'{0x000000071438f9e0}: 'java.lang.Object java.lang.invoke.DirectMethodHandle$Holder.invokeSpecial(java.lang.Object, java.lang.Object, java.lang.Object, java.lang.Object, java.lang.Object, java.lang.Object, java.lang.Object, int)'> (0x000000071438f9e0) 
thrown [s\src\hotspot\share\interpreter\linkResolver.cpp, line 773]
Event: 1.306 Thread 0x000002264cffe570 Exception <a 'java/lang/NoSuchMethodError'{0x00000007140b9360}: 'int java.lang.invoke.DirectMethodHandle$Holder.invokeInterface(java.lang.Object, java.lang.Object)'> (0x00000007140b9360) 
thrown [s\src\hotspot\share\interpreter\linkResolver.cpp, line 773]
Event: 1.329 Thread 0x000002264cffe570 Exception <a 'java/lang/NoSuchMethodError'{0x0000000714144578}: 'void java.lang.invoke.DirectMethodHandle$Holder.invokeSpecial(java.lang.Object, java.lang.Object, java.lang.Object, java.lang.Object, java.lang.Object)'> (0x0000000714144578) 
thrown [s\src\hotspot\share\interpreter\linkResolver.cpp, line 773]
Event: 1.427 Thread 0x000002264cffe570 Exception <a 'java/lang/NoSuchMethodError'{0x0000000713f2e000}: 'void java.lang.invoke.DirectMethodHandle$Holder.invokeSpecial(java.lang.Object, java.lang.Object, java.lang.Object, java.lang.Object, java.lang.Object, java.lang.Object)'> (0x0000000713f2e000) 
thrown [s\src\hotspot\share\interpreter\linkResolver.cpp, line 773]
Event: 1.461 Thread 0x000002264cffe570 Exception <a 'java/lang/NoSuchMethodError'{0x0000000713fe15d8}: 'java.lang.Object java.lang.invoke.DirectMethodHandle$Holder.invokeSpecial(java.lang.Object, java.lang.Object, java.lang.Object, int, java.lang.Object)'> (0x0000000713fe15d8) 
thrown [s\src\hotspot\share\interpreter\linkResolver.cpp, line 773]
Event: 1.462 Thread 0x000002264cffe570 Exception <a 'java/lang/NoSuchMethodError'{0x0000000713fe9f98}: 'java.lang.Object java.lang.invoke.DirectMethodHandle$Holder.newInvokeSpecial(java.lang.Object, java.lang.Object, java.lang.Object, int, java.lang.Object)'> (0x0000000713fe9f98) 
thrown [s\src\hotspot\share\interpreter\linkResolver.cpp, line 773]
Event: 1.464 Thread 0x000002264cffe570 Exception <a 'java/lang/NoSuchMethodError'{0x0000000713ff1450}: 'java.lang.Object java.lang.invoke.Invokers$Holder.linkToTargetMethod(java.lang.Object, java.lang.Object, int, java.lang.Object, java.lang.Object)'> (0x0000000713ff1450) 
thrown [s\src\hotspot\share\interpreter\linkResolver.cpp, line 773]
Event: 1.467 Thread 0x000002264cffe570 Exception <a 'java/lang/NoSuchMethodError'{0x0000000713c00088}: 'java.lang.Object java.lang.invoke.DirectMethodHandle$Holder.newInvokeSpecial(java.lang.Object, int, java.lang.Object)'> (0x0000000713c00088) 
thrown [s\src\hotspot\share\interpreter\linkResolver.cpp, line 773]
Event: 1.469 Thread 0x000002264cffe570 Exception <a 'java/lang/NoSuchMethodError'{0x0000000713c04d38}: 'int java.lang.invoke.DirectMethodHandle$Holder.invokeSpecialIFC(java.lang.Object, java.lang.Object, java.lang.Object, java.lang.Object)'> (0x0000000713c04d38) 
thrown [s\src\hotspot\share\interpreter\linkResolver.cpp, line 773]
Event: 1.495 Thread 0x000002264cffe570 Exception <a 'java/lang/NoSuchMethodError'{0x0000000713cc3bc8}: 'void java.lang.invoke.DirectMethodHandle$Holder.invokeInterface(java.lang.Object, java.lang.Object, java.lang.Object)'> (0x0000000713cc3bc8) 
thrown [s\src\hotspot\share\interpreter\linkResolver.cpp, line 773]
Event: 1.533 Thread 0x000002264cffe570 Exception <a 'java/lang/NoSuchMethodError'{0x0000000713d65e38}: 'void java.lang.invoke.DirectMethodHandle$Holder.invokeStaticInit(java.lang.Object, java.lang.Object, java.lang.Object)'> (0x0000000713d65e38) 
thrown [s\src\hotspot\share\interpreter\linkResolver.cpp, line 773]
Event: 1.543 Thread 0x000002264cffe570 Exception <a 'java/lang/NoSuchMethodError'{0x0000000713daa060}: 'java.lang.Object java.lang.invoke.DirectMethodHandle$Holder.invokeStatic(java.lang.Object, long, java.lang.Object)'> (0x0000000713daa060) 
thrown [s\src\hotspot\share\interpreter\linkResolver.cpp, line 773]
Event: 1.544 Thread 0x000002264cffe570 Exception <a 'java/lang/NoSuchMethodError'{0x0000000713dad6b8}: 'java.lang.Object java.lang.invoke.DirectMethodHandle$Holder.invokeStaticInit(java.lang.Object, long, java.lang.Object)'> (0x0000000713dad6b8) 
thrown [s\src\hotspot\share\interpreter\linkResolver.cpp, line 773]
Event: 1.544 Thread 0x000002264cffe570 Exception <a 'java/lang/NoSuchMethodError'{0x0000000713db33e0}: 'java.lang.Object java.lang.invoke.DirectMethodHandle$Holder.newInvokeSpecial(java.lang.Object, long)'> (0x0000000713db33e0) 
thrown [s\src\hotspot\share\interpreter\linkResolver.cpp, line 773]

VM Operations (18 events):
Event: 0.258 Executing VM operation: HandshakeAllThreads
Event: 0.258 Executing VM operation: HandshakeAllThreads done
Event: 0.308 Executing VM operation: HandshakeAllThreads
Event: 0.308 Executing VM operation: HandshakeAllThreads done
Event: 0.454 Executing VM operation: HandshakeAllThreads
Event: 0.454 Executing VM operation: HandshakeAllThreads done
Event: 0.715 Executing VM operation: HandshakeAllThreads
Event: 0.715 Executing VM operation: HandshakeAllThreads done
Event: 0.715 Executing VM operation: HandshakeAllThreads
Event: 0.715 Executing VM operation: HandshakeAllThreads done
Event: 0.944 Executing VM operation: ICBufferFull
Event: 0.944 Executing VM operation: ICBufferFull done
Event: 0.956 Executing VM operation: G1CollectForAllocation
Event: 0.963 Executing VM operation: G1CollectForAllocation done
Event: 1.008 Executing VM operation: HandshakeAllThreads
Event: 1.008 Executing VM operation: HandshakeAllThreads done
Event: 1.425 Executing VM operation: HandshakeAllThreads
Event: 1.425 Executing VM operation: HandshakeAllThreads done

Events (17 events):
Event: 0.031 Thread 0x00000226676af5c0 Thread added: 0x00000226676af5c0
Event: 0.053 Thread 0x000002264c4110a0 Thread added: 0x000002264c4110a0
Event: 0.053 Thread 0x000002264c413db0 Thread added: 0x000002264c413db0
Event: 0.053 Thread 0x000002264c415630 Thread added: 0x000002264c415630
Event: 0.053 Thread 0x000002264c4172e0 Thread added: 0x000002264c4172e0
Event: 0.053 Thread 0x000002264c419c30 Thread added: 0x000002264c419c30
Event: 0.053 Thread 0x000002264c41b580 Thread added: 0x000002264c41b580
Event: 0.054 Thread 0x000002264c424330 Thread added: 0x000002264c424330
Event: 0.054 Thread 0x000002264c42b5d0 Thread added: 0x000002264c42b5d0
Event: 0.135 Thread 0x000002264c4e7220 Thread added: 0x000002264c4e7220
Event: 0.195 Thread 0x000002264c620710 Thread added: 0x000002264c620710
Event: 0.256 Thread 0x000002264c809470 Thread added: 0x000002264c809470
Event: 0.256 Thread 0x000002264c87bff0 Thread added: 0x000002264c87bff0
Event: 0.646 Thread 0x000002264c620710 Thread exited: 0x000002264c620710
Event: 0.810 Thread 0x000002264cffa8c0 Thread added: 0x000002264cffa8c0
Event: 0.869 Thread 0x000002264cd8b690 Thread added: 0x000002264cd8b690
Event: 0.873 Thread 0x000002264cffe570 Thread added: 0x000002264cffe570


Dynamic libraries:
0x00007ff7b2580000 - 0x00007ff7b258e000 	C:\Users\cofls\.jdks\corretto-20.0.2.1\bin\java.exe
0x00007ffd49e90000 - 0x00007ffd4a0a6000 	C:\Windows\SYSTEM32\ntdll.dll
0x00007ffd48610000 - 0x00007ffd486d4000 	C:\Windows\System32\KERNEL32.DLL
0x00007ffd47670000 - 0x00007ffd47a16000 	C:\Windows\System32\KERNELBASE.dll
0x00007ffd471d0000 - 0x00007ffd472e1000 	C:\Windows\System32\ucrtbase.dll
0x00007ffd31b70000 - 0x00007ffd31b8b000 	C:\Users\cofls\.jdks\corretto-20.0.2.1\bin\VCRUNTIME140.dll
0x00007ffd31b50000 - 0x00007ffd31b67000 	C:\Users\cofls\.jdks\corretto-20.0.2.1\bin\jli.dll
0x00007ffd491f0000 - 0x00007ffd4939d000 	C:\Windows\System32\USER32.dll
0x00007ffd24b20000 - 0x00007ffd24db3000 	C:\Windows\WinSxS\amd64_microsoft.windows.common-controls_6595b64144ccf1df_6.0.22621.3235_none_270f74e173860f98\COMCTL32.dll
0x00007ffd490c0000 - 0x00007ffd49167000 	C:\Windows\System32\msvcrt.dll
0x00007ffd47320000 - 0x00007ffd47346000 	C:\Windows\System32\win32u.dll
0x00007ffd47de0000 - 0x00007ffd47e09000 	C:\Windows\System32\GDI32.dll
0x00007ffd47ac0000 - 0x00007ffd47bd8000 	C:\Windows\System32\gdi32full.dll
0x00007ffd47a20000 - 0x00007ffd47aba000 	C:\Windows\System32\msvcp_win.dll
0x00007ffd47c40000 - 0x00007ffd47c71000 	C:\Windows\System32\IMM32.DLL
0x00007ffd444f0000 - 0x00007ffd444fc000 	C:\Users\cofls\.jdks\corretto-20.0.2.1\bin\vcruntime140_1.dll
0x00007ffd23b00000 - 0x00007ffd23b8e000 	C:\Users\cofls\.jdks\corretto-20.0.2.1\bin\msvcp140.dll
0x00007ffca7720000 - 0x00007ffca8424000 	C:\Users\cofls\.jdks\corretto-20.0.2.1\bin\server\jvm.dll
0x00007ffd49720000 - 0x00007ffd497d2000 	C:\Windows\System32\ADVAPI32.dll
0x00007ffd48f40000 - 0x00007ffd48fe8000 	C:\Windows\System32\sechost.dll
0x00007ffd472f0000 - 0x00007ffd47318000 	C:\Windows\System32\bcrypt.dll
0x00007ffd499a0000 - 0x00007ffd49ab5000 	C:\Windows\System32\RPCRT4.dll
0x00007ffd2e6e0000 - 0x00007ffd2e6e9000 	C:\Windows\SYSTEM32\WSOCK32.dll
0x00007ffd3e960000 - 0x00007ffd3e994000 	C:\Windows\SYSTEM32\WINMM.dll
0x00007ffd49170000 - 0x00007ffd491e1000 	C:\Windows\System32\WS2_32.dll
0x00007ffd2e1a0000 - 0x00007ffd2e1aa000 	C:\Windows\SYSTEM32\VERSION.dll
0x00007ffd461f0000 - 0x00007ffd46208000 	C:\Windows\SYSTEM32\kernel.appcore.dll
0x00007ffd3f0e0000 - 0x00007ffd3f0ea000 	C:\Users\cofls\.jdks\corretto-20.0.2.1\bin\jimage.dll
0x00007ffd3a880000 - 0x00007ffd3aab3000 	C:\Windows\SYSTEM32\DBGHELP.DLL
0x00007ffd49ac0000 - 0x00007ffd49e48000 	C:\Windows\System32\combase.dll
0x00007ffd49490000 - 0x00007ffd49567000 	C:\Windows\System32\OLEAUT32.dll
0x00007ffd2a2b0000 - 0x00007ffd2a2e2000 	C:\Windows\SYSTEM32\dbgcore.DLL
0x00007ffd47350000 - 0x00007ffd473ca000 	C:\Windows\System32\bcryptPrimitives.dll
0x00007ffd319a0000 - 0x00007ffd319ae000 	C:\Users\cofls\.jdks\corretto-20.0.2.1\bin\instrument.dll
0x00007ffd31ad0000 - 0x00007ffd31af6000 	C:\Users\cofls\.jdks\corretto-20.0.2.1\bin\java.dll
0x00007ffd22810000 - 0x00007ffd228e7000 	C:\Users\cofls\.jdks\corretto-20.0.2.1\bin\jsvml.dll
0x00007ffd486e0000 - 0x00007ffd48f3d000 	C:\Windows\System32\SHELL32.dll
0x00007ffd450e0000 - 0x00007ffd459d8000 	C:\Windows\SYSTEM32\windows.storage.dll
0x00007ffd44fa0000 - 0x00007ffd450de000 	C:\Windows\SYSTEM32\wintypes.dll
0x00007ffd48090000 - 0x00007ffd48183000 	C:\Windows\System32\SHCORE.dll
0x00007ffd493a0000 - 0x00007ffd493fe000 	C:\Windows\System32\shlwapi.dll
0x00007ffd47100000 - 0x00007ffd47126000 	C:\Windows\SYSTEM32\profapi.dll
0x00007ffd2d440000 - 0x00007ffd2d458000 	C:\Users\cofls\.jdks\corretto-20.0.2.1\bin\zip.dll
0x00007ffd31760000 - 0x00007ffd31773000 	C:\Users\cofls\.jdks\corretto-20.0.2.1\bin\net.dll
0x00007ffd407a0000 - 0x00007ffd408d7000 	C:\Windows\SYSTEM32\WINHTTP.dll
0x00007ffd46700000 - 0x00007ffd46769000 	C:\Windows\system32\mswsock.dll
0x00007ffd31650000 - 0x00007ffd31666000 	C:\Users\cofls\.jdks\corretto-20.0.2.1\bin\nio.dll
0x00007ffd31800000 - 0x00007ffd3181a000 	C:\Program Files\JetBrains\IntelliJ IDEA Community Edition 2023.2.2\bin\breakgen64.dll
0x00007ffd31ec0000 - 0x00007ffd31ec7000 	C:\Users\cofls\.jdks\corretto-20.0.2.1\bin\extnet.dll
0x00007ffd317f0000 - 0x00007ffd317fa000 	C:\Users\cofls\.jdks\corretto-20.0.2.1\bin\management.dll
0x00007ffd317e0000 - 0x00007ffd317eb000 	C:\Users\cofls\.jdks\corretto-20.0.2.1\bin\management_ext.dll
0x00007ffd498e0000 - 0x00007ffd498e8000 	C:\Windows\System32\PSAPI.DLL

dbghelp: loaded successfully - version: 4.0.5 - missing functions: none
symbol engine: initialized successfully - sym options: 0x614 - pdb path: .;C:\Users\cofls\.jdks\corretto-20.0.2.1\bin;C:\Windows\SYSTEM32;C:\Windows\WinSxS\amd64_microsoft.windows.common-controls_6595b64144ccf1df_6.0.22621.3235_none_270f74e173860f98;C:\Users\cofls\.jdks\corretto-20.0.2.1\bin\server;C:\Program Files\JetBrains\IntelliJ IDEA Community Edition 2023.2.2\bin

VM Arguments:
jvm_args: -javaagent:C:\Program Files\JetBrains\IntelliJ IDEA Community Edition 2023.2.2\lib\idea_rt.jar=64705:C:\Program Files\JetBrains\IntelliJ IDEA Community Edition 2023.2.2\bin -Dfile.encoding=UTF-8 -Dsun.stdout.encoding=UTF-8 -Dsun.stderr.encoding=UTF-8 
java_command: fourjo.idle.goodgame.gg.Application
java_class_path (initial): C:\MULTI_PROJECT\goodgame.gg\target\classes;C:\Users\cofls\.m2\repository\org\springframework\boot\spring-boot-starter-validation\3.2.4\spring-boot-starter-validation-3.2.4.jar;C:\Users\cofls\.m2\repository\org\springframework\boot\spring-boot-starter\3.2.4\spring-boot-starter-3.2.4.jar;C:\Users\cofls\.m2\repository\org\springframework\boot\spring-boot-starter-logging\3.2.4\spring-boot-starter-logging-3.2.4.jar;C:\Users\cofls\.m2\repository\ch\qos\logback\logback-classic\1.4.14\logback-classic-1.4.14.jar;C:\Users\cofls\.m2\repository\ch\qos\logback\logback-core\1.4.14\logback-core-1.4.14.jar;C:\Users\cofls\.m2\repository\org\apache\logging\log4j\log4j-to-slf4j\2.21.1\log4j-to-slf4j-2.21.1.jar;C:\Users\cofls\.m2\repository\org\apache\logging\log4j\log4j-api\2.21.1\log4j-api-2.21.1.jar;C:\Users\cofls\.m2\repository\org\slf4j\jul-to-slf4j\2.0.12\jul-to-slf4j-2.0.12.jar;C:\Users\cofls\.m2\repository\jakarta\annotation\jakarta.annotation-api\2.1.1\jakarta.annotation-api-2.1.1.jar;C:\Users\cofls\.m2\repository\org\yaml\snakeyaml\2.2\snakeyaml-2.2.jar;C:\Users\cofls\.m2\repository\org\apache\tomcat\embed\tomcat-embed-el\10.1.19\tomcat-embed-el-10.1.19.jar;C:\Users\cofls\.m2\repository\org\hibernate\validator\hibernate-validator\8.0.1.Final\hibernate-validator-8.0.1.Final.jar;C:\Users\cofls\.m2\repository\jakarta\validation\jakarta.validation-api\3.0.2\jakarta.validation-api-3.0.2.jar;C:\Users\cofls\.m2\repository\org\jboss\logging\jboss-logging\3.5.3.Final\jboss-logging-3.5.3.Final.jar;C:\Users\cofls\.m2\repository\org\springframework\boot\spring-boot-starter-security\3.2.4\spring-boot-starter-security-3.2.4.jar;C:\Users\cofls\.m2\repository\org\springframework\spring-aop\6.1.5\spring-aop-6.1.5.jar;C:\Users\cofls\.m2\repository\org\springframework\spring-beans\6.1.5\spring-beans-6.1.5.jar;C:\Users\cofls\.m2\repository\org\springframework\security\spring-security-config\6.2.3\spring-security-config-6.2.3.jar;C:\Users\cofls\.m2\repository\org\springframework\spring-context\6.1.5\spring-context-6.1.5.jar;C:\Users\cofls\.m2\repository\org\springframework\security\spring-security-web\6.2.3\spring-security-web-6.2.3.jar;C:\Users\cofls\.m2\repository\org\springframework\spring-expression\6.1.5\spring-expression-6.1.5.jar;C:\Users\cofls\.m2\repository\org\springframework\boot\spring-boot-starter-thymeleaf\3.2.4\spring-boot-starter-thymeleaf-3.2.4.jar;C:\Users\cofls\.m2\repository\org\thymeleaf\thymeleaf-spring6\3.1.2.RELEASE\thymeleaf-spring6-3.1.2.RELEASE.jar;C:\Users\cofls\.m2\repository\org\thymeleaf\thymeleaf\3.1.2.RELEASE\thymeleaf-3.1.2.RELEASE.jar;C:\Users\cofls\.m2\repository\org\attoparser\attoparser\2.0.7.RELEASE\attoparser-2.0.7.RELEASE.jar;C:\Users\cofls\.m2\repository\org\unbescape\unbescape\1.1.6.RELEASE\unbescape-1.1.6.RELEASE.jar;C:\Users\cofls\.m2\repository\org\springframework\boot\spring-boot-starter-web\3.2.4\spring-boot-starter-web-3.2.4.jar;C:\Users\cofls\.m2\repository\org\springframework\boot\spring-boot-starter-json\3.2.4\spring-boot-starter-json-3.2.4.jar;C:\Users\cofls\.m2\repository\com\fasterxml\jackson\core\jackson-databind\2.15.4\jackson-databind-2.15.4.jar;C:\Users\cofls\.m2\repository\com\fasterxml\jackson\core\jackson-core\2.15.4\jackson-core-2.15.4.jar;C:\Users\cofls\.m2\repository\com\fasterxml\jackson\datatype\jackson-datatype-jdk8\2.15.4\jackson-datatype-jdk8-2.15.4.jar;C:\Users\cofls\.m2\repository\com\fasterxml\jackson\datatype\jackson-datatype-jsr310\2.15.4\jackson-datatype-jsr310-2.15.4.jar;C:\Users\cofls\.m2\repository\com\fasterxml\jackson\module\jackson-module-parameter-names\2.15.4\jackson-module-parameter-names-2.15.4.jar;C:\Users\cofls\.m2\repository\org\springframework\boot\spring-boot-starter-tomcat\3.2.4\spring-boot-starter-tomcat-3.2.4.jar;C:\Users\cofls\.m2\repository\org\apache\tomcat\embed\tomcat-embed-core\10.1.19\tomcat-embed-core-10.1.19.jar;C:\Users\cofls\.m2\repository\org\apache\tomcat\embed\tomcat-embed-websocket\10.1.19\tomcat-embed-websocket-10.1.19.jar;C:\Users\cofls\.m2\repository\org\springframework\spring-web\6.1.5\spring-web-6.1.5.jar;C:\Users\cofls\.m2\repository\io\micrometer\micrometer-observation\1.12.4\micrometer-observation-1.12.4.jar;C:\Users\cofls\.m2\repository\io\micrometer\micrometer-commons\1.12.4\micrometer-commons-1.12.4.jar;C:\Users\cofls\.m2\repository\org\springframework\spring-webmvc\6.1.5\spring-webmvc-6.1.5.jar;C:\Users\cofls\.m2\repository\org\mybatis\spring\boot\mybatis-spring-boot-starter\3.0.3\mybatis-spring-boot-starter-3.0.3.jar;C:\Users\cofls\.m2\repository\org\springframework\boot\spring-boot-starter-jdbc\3.2.4\spring-boot-starter-jdbc-3.2.4.jar;C:\Users\cofls\.m2\repository\com\zaxxer\HikariCP\5.0.1\HikariCP-5.0.1.jar;C:\Users\cofls\.m2\repository\org\springframework\spring-jdbc\6.1.5\spring-jdbc-6.1.5.jar;C:\Users\cofls\.m2\repository\org\mybatis\spring\boot\mybatis-spring-boot-autoconfigure\3.0.3\mybatis-spring-boot-autoconfigure-3.0.3.jar;C:\Users\cofls\.m2\repository\org\mybatis\mybatis\3.5.14\mybatis-3.5.14.jar;C:\Users\cofls\.m2\repository\org\mybatis\mybatis-spring\3.0.3\mybatis-spring-3.0.3.jar;C:\Users\cofls\.m2\repository\org\springframework\boot\spring-boot-starter-aop\3.2.4\spring-boot-starter-aop-3.2.4.jar;C:\Users\cofls\.m2\repository\org\aspectj\aspectjweaver\1.9.21\aspectjweaver-1.9.21.jar;C:\Users\cofls\.m2\repository\org\thymeleaf\extras\thymeleaf-extras-springsecurity6\3.1.2.RELEASE\thymeleaf-extras-springsecurity6-3.1.2.RELEASE.jar;C:\Users\cofls\.m2\repository\org\slf4j\slf4j-api\2.0.12\slf4j-api-2.0.12.jar;C:\Users\cofls\.m2\repository\io\springfox\springfox-swagger2\3.0.0\springfox-swagger2-3.0.0.jar;C:\Users\cofls\.m2\repository\io\springfox\springfox-spi\3.0.0\springfox-spi-3.0.0.jar;C:\Users\cofls\.m2\repository\io\springfox\springfox-core\3.0.0\springfox-core-3.0.0.jar;C:\Users\cofls\.m2\repository\io\springfox\springfox-schema\3.0.0\springfox-schema-3.0.0.jar;C:\Users\cofls\.m2\repository\io\springfox\springfox-swagger-common\3.0.0\springfox-swagger-common-3.0.0.jar;C:\Users\cofls\.m2\repository\io\swagger\core\v3\swagger-annotations\2.1.2\swagger-annotations-2.1.2.jar;C:\Users\cofls\.m2\repository\io\springfox\springfox-spring-web\3.0.0\springfox-spring-web-3.0.0.jar;C:\Users\cofls\.m2\repository\io\github\classgraph\classgraph\4.8.83\classgraph-4.8.83.jar;C:\Users\cofls\.m2\repository\io\springfox\springfox-spring-webmvc\3.0.0\springfox-spring-webmvc-3.0.0.jar;C:\Users\cofls\.m2\repository\io\springfox\springfox-spring-webflux\3.0.0\springfox-spring-webflux-3.0.0.jar;C:\Users\cofls\.m2\repository\com\fasterxml\classmate\1.6.0\classmate-1.6.0.jar;C:\Users\cofls\.m2\repository\org\springframework\plugin\spring-plugin-core\2.0.0.RELEASE\spring-plugin-core-2.0.0.RELEASE.jar;C:\Users\cofls\.m2\repository\org\springframework\plugin\spring-plugin-metadata\2.0.0.RELEASE\spring-plugin-metadata-2.0.0.RELEASE.jar;C:\Users\cofls\.m2\repository\io\swagger\swagger-annotations\1.5.20\swagger-annotations-1.5.20.jar;C:\Users\cofls\.m2\repository\io\swagger\swagger-models\1.5.20\swagger-models-1.5.20.jar;C:\Users\cofls\.m2\repository\com\fasterxml\jackson\core\jackson-annotations\2.15.4\jackson-annotations-2.15.4.jar;C:\Users\cofls\.m2\repository\org\mapstruct\mapstruct\1.3.1.Final\mapstruct-1.3.1.Final.jar;C:\Users\cofls\.m2\repository\io\springfox\springfox-swagger-ui\3.0.0\springfox-swagger-ui-3.0.0.jar;C:\Users\cofls\.m2\repository\org\springdoc\springdoc-openapi-starter-webmvc-ui\2.5.0\springdoc-openapi-starter-webmvc-ui-2.5.0.jar;C:\Users\cofls\.m2\repository\org\springdoc\springdoc-openapi-starter-webmvc-api\2.5.0\springdoc-openapi-starter-webmvc-api-2.5.0.jar;C:\Users\cofls\.m2\repository\org\springdoc\springdoc-openapi-starter-common\2.5.0\springdoc-openapi-starter-common-2.5.0.jar;C:\Users\cofls\.m2\repository\io\swagger\core\v3\swagger-core-jakarta\2.2.21\swagger-core-jakarta-2.2.21.jar;C:\Users\cofls\.m2\repository\org\apache\commons\commons-lang3\3.13.0\commons-lang3-3.13.0.jar;C:\Users\cofls\.m2\repository\io\swagger\core\v3\swagger-annotations-jakarta\2.2.21\swagger-annotations-jakarta-2.2.21.jar;C:\Users\cofls\.m2\repository\io\swagger\core\v3\swagger-models-jakarta\2.2.21\swagger-models-jakarta-2.2.21.jar;C:\Users\cofls\.m2\repository\com\fasterxml\jackson\dataformat\jackson-dataformat-yaml\2.15.4\jackson-dataformat-yaml-2.15.4.jar;C:\Users\cofls\.m2\repository\org\webjars\swagger-ui\5.13.0\swagger-ui-5.13.0.jar;C:\Users\cofls\.m2\repository\org\springframework\boot\spring-boot-devtools\3.2.4\spring-boot-devtools-3.2.4.jar;C:\Users\cofls\.m2\repository\org\springframework\boot\spring-boot\3.2.4\spring-boot-3.2.4.jar;C:\Users\cofls\.m2\repository\org\springframework\boot\spring-boot-autoconfigure\3.2.4\spring-boot-autoconfigure-3.2.4.jar;C:\Users\cofls\.m2\repository\com\mysql\mysql-connector-j\8.3.0\mysql-connector-j-8.3.0.jar;C:\Users\cofls\.m2\repository\org\projectlombok\lombok\1.18.30\lombok-1.18.30.jar;C:\Users\cofls\.m2\repository\jakarta\xml\bind\jakarta.xml.bind-api\4.0.2\jakarta.xml.bind-api-4.0.2.jar;C:\Users\cofls\.m2\repository\jakarta\activation\jakarta.activation-api\2.1.3\jakarta.activation-api-2.1.3.jar;C:\Users\cofls\.m2\repository\net\bytebuddy\byte-buddy\1.14.12\byte-buddy-1.14.12.jar;C:\Users\cofls\.m2\repository\org\springframework\spring-core\6.1.5\spring-core-6.1.5.jar;C:\Users\cofls\.m2\repository\org\springframework\spring-jcl\6.1.5\spring-jcl-6.1.5.jar;C:\Users\cofls\.m2\repository\org\springframework\spring-tx\6.1.5\spring-tx-6.1.5.jar;C:\Users\cofls\.m2\repository\org\springframework\security\spring-security-core\6.2.3\spring-security-core-6.2.3.jar;C:\Users\cofls\.m2\repository\org\springframework\security\spring-security-crypto\6.2.3\spring-security-crypto-6.2.3.jar
Launcher Type: SUN_STANDARD

[Global flags]
     intx CICompilerCount                          = 4                                         {product} {ergonomic}
     uint ConcGCThreads                            = 3                                         {product} {ergonomic}
     uint G1ConcRefinementThreads                  = 10                                        {product} {ergonomic}
   size_t G1HeapRegionSize                         = 2097152                                   {product} {ergonomic}
    uintx GCDrainStackTargetSize                   = 64                                        {product} {ergonomic}
   size_t InitialHeapSize                          = 264241152                                 {product} {ergonomic}
   size_t MarkStackSize                            = 4194304                                   {product} {ergonomic}
   size_t MaxHeapSize                              = 4213178368                                {product} {ergonomic}
   size_t MaxNewSize                               = 2527068160                                {product} {ergonomic}
   size_t MinHeapDeltaBytes                        = 2097152                                   {product} {ergonomic}
   size_t MinHeapSize                              = 8388608                                   {product} {ergonomic}
    uintx NonNMethodCodeHeapSize                   = 5839372                                {pd product} {ergonomic}
    uintx NonProfiledCodeHeapSize                  = 122909434                              {pd product} {ergonomic}
    uintx ProfiledCodeHeapSize                     = 122909434                              {pd product} {ergonomic}
    uintx ReservedCodeCacheSize                    = 251658240                              {pd product} {ergonomic}
     bool SegmentedCodeCache                       = true                                      {product} {ergonomic}
   size_t SoftMaxHeapSize                          = 4213178368                             {manageable} {ergonomic}
     bool UseCompressedClassPointers               = true                           {product lp64_product} {ergonomic}
     bool UseCompressedOops                        = true                           {product lp64_product} {ergonomic}
     bool UseG1GC                                  = true                                      {product} {ergonomic}
     bool UseLargePagesIndividualAllocation        = false                                  {pd product} {ergonomic}

Logging:
Log output configuration:
 #0: stdout all=warning uptime,level,tags foldmultilines=false
 #1: stderr all=off uptime,level,tags foldmultilines=false

Environment Variables:
JAVA_HOME=C:\Program Files\Java\jdk-11.0.2
PATH=C:\oraclexe\app\oracle\product\11.2.0\server\bin;C:\Program Files\Python311\Scripts\;C:\Program Files\Python311\;C:\Windows\system32;C:\Windows;C:\Windows\System32\Wbem;C:\Windows\System32\WindowsPowerShell\v1.0\;C:\Windows\System32\OpenSSH\;C:\Program Files\Git\cmd;C:\Program Files\Bandizip\;C:\Program Files\MySQL\MySQL Shell 8.0\bin\;C:\Users\cofls\AppData\Local\Microsoft\WindowsApps;C:\Program Files\JetBrains\PyCharm Community Edition 2023.2.1\bin;;C:\Program Files\JetBrains\IntelliJ IDEA Community Edition 2023.2.2\bin;;C:\venvs;C:\Users\cofls\AppData\Local\Programs\Microsoft VS Code\bin;C:\Program Files\Java\jdk-11.0.2\bin;C:\Program Files\MongoDB\Server\7.0\bin;C:\Program Files\MySQL\MySQL Server 8.0\bin;
USERNAME=cofls
OS=Windows_NT
PROCESSOR_IDENTIFIER=Intel64 Family 6 Model 186 Stepping 3, GenuineIntel
TMP=C:\Users\cofls\AppData\Local\Temp
TEMP=C:\Users\cofls\AppData\Local\Temp




---------------  S Y S T E M  ---------------

OS:
 Windows 11 , 64 bit Build 22621 (10.0.22621.3235)
OS uptime: 13 days 19:16 hours
Hyper-V role detected

CPU: total 12 (initial active 12) (6 cores per cpu, 2 threads per core) family 6 model 186 stepping 3 microcode 0x411c, cx8, cmov, fxsr, ht, mmx, 3dnowpref, sse, sse2, sse3, ssse3, sse4.1, sse4.2, popcnt, lzcnt, tsc, tscinvbit, avx, avx2, aes, erms, clmul, bmi1, bmi2, adx, sha, fma, vzeroupper, clflush, clflushopt, clwb, hv, serialize, rdtscp, rdpid, fsrm, f16c, cet_ibt, cet_ss

Memory: 4k page, system-wide physical 16066M (1084M free)
TotalPageFile size 43869M (AvailPageFile size 3M)
current process WorkingSet (physical memory assigned to process): 91M, peak: 92M
current process commit charge ("private bytes"): 365M, peak: 367M

vm_info: OpenJDK 64-Bit Server VM (20.0.2.1+10-FR) for windows-amd64 JRE (20.0.2.1+10-FR), built on 2023-08-19T09:18:31Z by "Administrator" with unknown MS VC++:1937

END.
